<?xml version="1.0"?>
<!DOCTYPE coverage SYSTEM "http://cobertura.sourceforge.net/xml/coverage-02.dtd">

<coverage line-rate="0.8014128728414442" branch-rate="0.8029315960912052" version="1.8" timestamp="1228272568363">
	<sources>
		<source>/Users/elharo/Projects/workspace/jaxen/src/java/main</source>
	</sources>
	<packages>
		<package name="org.jaxen" line-rate="0.9269949066213922" branch-rate="0.9692307692307692" complexity="1.3801652892561984">
			<classes>
				<class name="org.jaxen.BaseXPath" filename="org/jaxen/BaseXPath.java" line-rate="0.9859154929577465" branch-rate="1.0" complexity="1.8148148148148149">
					<methods>
						<method name="&lt;init&gt;" signature="(Ljava/lang/String;)V" line-rate="1.0" branch-rate="1.0">
							<lines>
								<line number="107" hits="3035" branch="false"/>
								<line number="110" hits="9133" branch="false"/>
								<line number="111" hits="3034" branch="false"/>
								<line number="112" hits="3034" branch="false"/>
								<line number="113" hits="9132" branch="false"/>
								<line number="114" hits="9090" branch="false"/>
								<line number="115" hits="6096" branch="false"/>
								<line number="116" hits="6136" branch="false"/>
								<line number="117" hits="6016" branch="false"/>
								<line number="118" hits="40" branch="false"/>
								<line number="119" hits="80" branch="false"/>
								<line number="120" hits="1" branch="false"/>
								<line number="121" hits="80" branch="false"/>
								<line number="122" hits="1" branch="false"/>
								<line number="123" hits="2996" branch="false"/>
								<line number="125" hits="2996" branch="false"/>
								<line number="126" hits="9010" branch="false"/>
								<line number="128" hits="6016" branch="false"/>
								<line number="129" hits="6016" branch="false"/>
							</lines>
						</method>
						<method name="&lt;init&gt;" signature="(Ljava/lang/String;Lorg/jaxen/Navigator;)V" line-rate="1.0" branch-rate="1.0">
							<lines>
								<line number="139" hits="3035" branch="false"/>
								<line number="140" hits="2994" branch="false"/>
								<line number="141" hits="2994" branch="false"/>
								<line number="142" hits="6098" branch="false"/>
								<line number="143" hits="6016" branch="false"/>
								<line number="144" hits="6016" branch="false"/>
							</lines>
						</method>
						<method name="addNamespace" signature="(Ljava/lang/String;Ljava/lang/String;)V" line-rate="1.0" branch-rate="1.0">
							<lines>
								<line number="369" hits="4" branch="false"/>
								<line number="370" hits="4" branch="true"/>
								<line number="372" hits="11" branch="false"/>
								<line number="373" hits="8" branch="true"/>
								<line number="374" hits="3" branch="false"/>
								<line number="375" hits="6" branch="false"/>
								<line number="377" hits="7" branch="false"/>
								<line number="380" hits="2" branch="false"/>
							</lines>
						</method>
						<method name="booleanValueOf" signature="(Ljava/lang/Object;)Z" line-rate="1.0" branch-rate="1.0">
							<lines>
								<line number="309" hits="4" branch="false"/>
								<line number="310" hits="4" branch="false"/>
								<line number="311" hits="4" branch="true"/>
								<line number="312" hits="12" branch="false"/>
								<line number="313" hits="8" branch="false"/>
								<line number="314" hits="8" branch="true"/>
								<line number="315" hits="8" branch="false"/>
							</lines>
						</method>
						<method name="createFunctionContext" signature="()Lorg/jaxen/FunctionContext;" line-rate="1.0" branch-rate="1.0">
							<lines>
								<line number="635" hits="607" branch="false"/>
								<line number="638" hits="1238" branch="false"/>
							</lines>
						</method>
						<method name="createNamespaceContext" signature="()Lorg/jaxen/NamespaceContext;" line-rate="1.0" branch-rate="1.0">
							<lines>
								<line number="644" hits="607" branch="false"/>
								<line number="647" hits="1238" branch="false"/>
							</lines>
						</method>
						<method name="createVariableContext" signature="()Lorg/jaxen/VariableContext;" line-rate="1.0" branch-rate="1.0">
							<lines>
								<line number="653" hits="607" branch="false"/>
								<line number="656" hits="1238" branch="false"/>
							</lines>
						</method>
						<method name="debug" signature="()Ljava/lang/String;" line-rate="1.0" branch-rate="1.0">
							<lines>
								<line number="549" hits="1" branch="false"/>
								<line number="552" hits="2" branch="false"/>
							</lines>
						</method>
						<method name="evaluate" signature="(Ljava/lang/Object;)Ljava/lang/Object;" line-rate="1.0" branch-rate="1.0">
							<lines>
								<line number="172" hits="832" branch="false"/>
								<line number="174" hits="822" branch="true"/>
								<line number="175" hits="1688" branch="false"/>
								<line number="177" hits="1668" branch="true"/>
								<line number="178" hits="819" branch="false"/>
								<line number="180" hits="819" branch="true"/>
								<line number="181" hits="1662" branch="false"/>
								<line number="183" hits="1662" branch="true"/>
								<line number="186" hits="685" branch="false"/>
								<line number="189" hits="1531" branch="false"/>
								<line number="192" hits="274" branch="false"/>
							</lines>
						</method>
						<method name="getContext" signature="(Ljava/lang/Object;)Lorg/jaxen/Context;" line-rate="1.0" branch-rate="1.0">
							<lines>
								<line number="569" hits="1800" branch="true"/>
								<line number="571" hits="1224" branch="false"/>
								<line number="572" hits="3624" branch="true"/>
								<line number="574" hits="3024" branch="false"/>
								<line number="576" hits="576" branch="true"/>
								<line number="577" hits="1176" branch="false"/>
								<line number="578" hits="1" branch="false"/>
								<line number="579" hits="1176" branch="true"/>
								<line number="581" hits="2" branch="false"/>
								<line number="582" hits="575" branch="false"/>
								<line number="583" hits="575" branch="false"/>
								<line number="585" hits="1174" branch="false"/>
								<line number="586" hits="1750" branch="false"/>
								<line number="589" hits="1176" branch="false"/>
							</lines>
						</method>
						<method name="getContextSupport" signature="()Lorg/jaxen/ContextSupport;" line-rate="1.0" branch-rate="1.0">
							<lines>
								<line number="598" hits="674" branch="true"/>
								<line number="600" hits="607" branch="false"/>
								<line number="601" hits="1372" branch="true"/>
								<line number="603" hits="1238" branch="false"/>
								<line number="608" hits="674" branch="false"/>
								<line number="611" hits="1372" branch="false"/>
							</lines>
						</method>
						<method name="getFunctionContext" signature="()Lorg/jaxen/FunctionContext;" line-rate="1.0" branch-rate="1.0">
							<lines>
								<line number="488" hits="2" branch="false"/>
								<line number="491" hits="4" branch="false"/>
							</lines>
						</method>
						<method name="getNamespaceContext" signature="()Lorg/jaxen/NamespaceContext;" line-rate="1.0" branch-rate="1.0">
							<lines>
								<line number="465" hits="5" branch="false"/>
								<line number="468" hits="10" branch="false"/>
							</lines>
						</method>
						<method name="getNavigator" signature="()Lorg/jaxen/Navigator;" line-rate="1.0" branch-rate="1.0">
							<lines>
								<line number="618" hits="608" branch="false"/>
								<line number="621" hits="1240" branch="false"/>
							</lines>
						</method>
						<method name="getRootExpr" signature="()Lorg/jaxen/expr/Expr;" line-rate="1.0" branch-rate="1.0">
							<lines>
								<line number="531" hits="3527" branch="false"/>
								<line number="534" hits="7054" branch="false"/>
							</lines>
						</method>
						<method name="getVariableContext" signature="()Lorg/jaxen/VariableContext;" line-rate="1.0" branch-rate="1.0">
							<lines>
								<line number="511" hits="1" branch="false"/>
								<line number="514" hits="2" branch="false"/>
							</lines>
						</method>
						<method name="numberValueOf" signature="(Ljava/lang/Object;)Ljava/lang/Number;" line-rate="1.0" branch-rate="1.0">
							<lines>
								<line number="334" hits="3" branch="false"/>
								<line number="335" hits="3" branch="false"/>
								<line number="336" hits="3" branch="false"/>
								<line number="337" hits="6" branch="false"/>
								<line number="338" hits="6" branch="false"/>
								<line number="339" hits="6" branch="false"/>
							</lines>
						</method>
						<method name="selectNodes" signature="(Ljava/lang/Object;)Ljava/util/List;" line-rate="1.0" branch-rate="1.0">
							<lines>
								<line number="212" hits="1790" branch="false"/>
								<line number="213" hits="1790" branch="false"/>
								<line number="215" hits="3604" branch="false"/>
								<line number="216" hits="3604" branch="false"/>
							</lines>
						</method>
						<method name="selectNodesForContext" signature="(Lorg/jaxen/Context;)Ljava/util/List;" line-rate="1.0" branch-rate="1.0">
							<lines>
								<line number="674" hits="1800" branch="false"/>
								<line number="675" hits="1738" branch="false"/>
								<line number="677" hits="3624" branch="false"/>
								<line number="678" hits="3500" branch="false"/>
							</lines>
						</method>
						<method name="selectSingleNode" signature="(Ljava/lang/Object;)Ljava/lang/Object;" line-rate="1.0" branch-rate="1.0">
							<lines>
								<line number="234" hits="4" branch="false"/>
								<line number="236" hits="4" branch="true"/>
								<line number="237" hits="8" branch="false"/>
								<line number="238" hits="2" branch="false"/>
								<line number="239" hits="8" branch="true"/>
								<line number="241" hits="6" branch="false"/>
								<line number="244" hits="4" branch="false"/>
							</lines>
						</method>
						<method name="selectSingleNodeForContext" signature="(Lorg/jaxen/Context;)Ljava/lang/Object;" line-rate="1.0" branch-rate="1.0">
							<lines>
								<line number="698" hits="6" branch="false"/>
								<line number="700" hits="6" branch="true"/>
								<line number="701" hits="12" branch="false"/>
								<line number="702" hits="2" branch="false"/>
								<line number="703" hits="12" branch="true"/>
								<line number="705" hits="8" branch="false"/>
								<line number="708" hits="8" branch="false"/>
							</lines>
						</method>
						<method name="setFunctionContext" signature="(Lorg/jaxen/FunctionContext;)V" line-rate="1.0" branch-rate="1.0">
							<lines>
								<line number="423" hits="29" branch="false"/>
								<line number="424" hits="29" branch="false"/>
								<line number="426" hits="58" branch="false"/>
								<line number="427" hits="58" branch="false"/>
							</lines>
						</method>
						<method name="setNamespaceContext" signature="(Lorg/jaxen/NamespaceContext;)V" line-rate="1.0" branch-rate="1.0">
							<lines>
								<line number="404" hits="33" branch="false"/>
								<line number="405" hits="33" branch="false"/>
								<line number="407" hits="66" branch="false"/>
								<line number="408" hits="66" branch="false"/>
							</lines>
						</method>
						<method name="setVariableContext" signature="(Lorg/jaxen/VariableContext;)V" line-rate="1.0" branch-rate="1.0">
							<lines>
								<line number="442" hits="28" branch="false"/>
								<line number="443" hits="28" branch="false"/>
								<line number="445" hits="56" branch="false"/>
								<line number="446" hits="56" branch="false"/>
							</lines>
						</method>
						<method name="stringValueOf" signature="(Ljava/lang/Object;)Ljava/lang/String;" line-rate="1.0" branch-rate="1.0">
							<lines>
								<line number="277" hits="3" branch="false"/>
								<line number="279" hits="3" branch="false"/>
								<line number="280" hits="6" branch="false"/>
								<line number="281" hits="3" branch="true"/>
								<line number="282" hits="6" branch="false"/>
								<line number="283" hits="1" branch="false"/>
								<line number="284" hits="6" branch="true"/>
								<line number="286" hits="4" branch="false"/>
								<line number="289" hits="4" branch="false"/>
							</lines>
						</method>
						<method name="toString" signature="()Ljava/lang/String;" line-rate="1.0" branch-rate="1.0">
							<lines>
								<line number="540" hits="256" branch="false"/>
								<line number="543" hits="516" branch="false"/>
							</lines>
						</method>
						<method name="valueOf" signature="(Ljava/lang/Object;)Ljava/lang/String;" line-rate="0.0" branch-rate="1.0">
							<lines>
								<line number="254" hits="0" branch="false"/>
								<line number="257" hits="0" branch="false"/>
							</lines>
						</method>
					</methods>
					<lines>
						<line number="107" hits="3035" branch="false"/>
						<line number="110" hits="9133" branch="false"/>
						<line number="111" hits="3034" branch="false"/>
						<line number="112" hits="3034" branch="false"/>
						<line number="113" hits="9132" branch="false"/>
						<line number="114" hits="9090" branch="false"/>
						<line number="115" hits="6096" branch="false"/>
						<line number="116" hits="6136" branch="false"/>
						<line number="117" hits="6016" branch="false"/>
						<line number="118" hits="40" branch="false"/>
						<line number="119" hits="80" branch="false"/>
						<line number="120" hits="1" branch="false"/>
						<line number="121" hits="80" branch="false"/>
						<line number="122" hits="1" branch="false"/>
						<line number="123" hits="2996" branch="false"/>
						<line number="125" hits="2996" branch="false"/>
						<line number="126" hits="9010" branch="false"/>
						<line number="128" hits="6016" branch="false"/>
						<line number="129" hits="6016" branch="false"/>
						<line number="139" hits="3035" branch="false"/>
						<line number="140" hits="2994" branch="false"/>
						<line number="141" hits="2994" branch="false"/>
						<line number="142" hits="6098" branch="false"/>
						<line number="143" hits="6016" branch="false"/>
						<line number="144" hits="6016" branch="false"/>
						<line number="172" hits="832" branch="false"/>
						<line number="174" hits="822" branch="true"/>
						<line number="175" hits="1688" branch="false"/>
						<line number="177" hits="1668" branch="true"/>
						<line number="178" hits="819" branch="false"/>
						<line number="180" hits="819" branch="true"/>
						<line number="181" hits="1662" branch="false"/>
						<line number="183" hits="1662" branch="true"/>
						<line number="186" hits="685" branch="false"/>
						<line number="189" hits="1531" branch="false"/>
						<line number="192" hits="274" branch="false"/>
						<line number="212" hits="1790" branch="false"/>
						<line number="213" hits="1790" branch="false"/>
						<line number="215" hits="3604" branch="false"/>
						<line number="216" hits="3604" branch="false"/>
						<line number="234" hits="4" branch="false"/>
						<line number="236" hits="4" branch="true"/>
						<line number="237" hits="8" branch="false"/>
						<line number="238" hits="2" branch="false"/>
						<line number="239" hits="8" branch="true"/>
						<line number="241" hits="6" branch="false"/>
						<line number="244" hits="4" branch="false"/>
						<line number="254" hits="0" branch="false"/>
						<line number="257" hits="0" branch="false"/>
						<line number="277" hits="3" branch="false"/>
						<line number="279" hits="3" branch="false"/>
						<line number="280" hits="6" branch="false"/>
						<line number="281" hits="3" branch="true"/>
						<line number="282" hits="6" branch="false"/>
						<line number="283" hits="1" branch="false"/>
						<line number="284" hits="6" branch="true"/>
						<line number="286" hits="4" branch="false"/>
						<line number="289" hits="4" branch="false"/>
						<line number="309" hits="4" branch="false"/>
						<line number="310" hits="4" branch="false"/>
						<line number="311" hits="4" branch="true"/>
						<line number="312" hits="12" branch="false"/>
						<line number="313" hits="8" branch="false"/>
						<line number="314" hits="8" branch="true"/>
						<line number="315" hits="8" branch="false"/>
						<line number="334" hits="3" branch="false"/>
						<line number="335" hits="3" branch="false"/>
						<line number="336" hits="3" branch="false"/>
						<line number="337" hits="6" branch="false"/>
						<line number="338" hits="6" branch="false"/>
						<line number="339" hits="6" branch="false"/>
						<line number="369" hits="4" branch="false"/>
						<line number="370" hits="4" branch="true"/>
						<line number="372" hits="11" branch="false"/>
						<line number="373" hits="8" branch="true"/>
						<line number="374" hits="3" branch="false"/>
						<line number="375" hits="6" branch="false"/>
						<line number="377" hits="7" branch="false"/>
						<line number="380" hits="2" branch="false"/>
						<line number="404" hits="33" branch="false"/>
						<line number="405" hits="33" branch="false"/>
						<line number="407" hits="66" branch="false"/>
						<line number="408" hits="66" branch="false"/>
						<line number="423" hits="29" branch="false"/>
						<line number="424" hits="29" branch="false"/>
						<line number="426" hits="58" branch="false"/>
						<line number="427" hits="58" branch="false"/>
						<line number="442" hits="28" branch="false"/>
						<line number="443" hits="28" branch="false"/>
						<line number="445" hits="56" branch="false"/>
						<line number="446" hits="56" branch="false"/>
						<line number="465" hits="5" branch="false"/>
						<line number="468" hits="10" branch="false"/>
						<line number="488" hits="2" branch="false"/>
						<line number="491" hits="4" branch="false"/>
						<line number="511" hits="1" branch="false"/>
						<line number="514" hits="2" branch="false"/>
						<line number="531" hits="3527" branch="false"/>
						<line number="534" hits="7054" branch="false"/>
						<line number="540" hits="256" branch="false"/>
						<line number="543" hits="516" branch="false"/>
						<line number="549" hits="1" branch="false"/>
						<line number="552" hits="2" branch="false"/>
						<line number="569" hits="1800" branch="true"/>
						<line number="571" hits="1224" branch="false"/>
						<line number="572" hits="3624" branch="true"/>
						<line number="574" hits="3024" branch="false"/>
						<line number="576" hits="576" branch="true"/>
						<line number="577" hits="1176" branch="false"/>
						<line number="578" hits="1" branch="false"/>
						<line number="579" hits="1176" branch="true"/>
						<line number="581" hits="2" branch="false"/>
						<line number="582" hits="575" branch="false"/>
						<line number="583" hits="575" branch="false"/>
						<line number="585" hits="1174" branch="false"/>
						<line number="586" hits="1750" branch="false"/>
						<line number="589" hits="1176" branch="false"/>
						<line number="598" hits="674" branch="true"/>
						<line number="600" hits="607" branch="false"/>
						<line number="601" hits="1372" branch="true"/>
						<line number="603" hits="1238" branch="false"/>
						<line number="608" hits="674" branch="false"/>
						<line number="611" hits="1372" branch="false"/>
						<line number="618" hits="608" branch="false"/>
						<line number="621" hits="1240" branch="false"/>
						<line number="635" hits="607" branch="false"/>
						<line number="638" hits="1238" branch="false"/>
						<line number="644" hits="607" branch="false"/>
						<line number="647" hits="1238" branch="false"/>
						<line number="653" hits="607" branch="false"/>
						<line number="656" hits="1238" branch="false"/>
						<line number="674" hits="1800" branch="false"/>
						<line number="675" hits="1738" branch="false"/>
						<line number="677" hits="3624" branch="false"/>
						<line number="678" hits="3500" branch="false"/>
						<line number="698" hits="6" branch="false"/>
						<line number="700" hits="6" branch="true"/>
						<line number="701" hits="12" branch="false"/>
						<line number="702" hits="2" branch="false"/>
						<line number="703" hits="12" branch="true"/>
						<line number="705" hits="8" branch="false"/>
						<line number="708" hits="8" branch="false"/>
					</lines>
				</class>
				<class name="org.jaxen.Context" filename="org/jaxen/Context.java" line-rate="0.9375" branch-rate="1.0" complexity="1.1428571428571428">
					<methods>
						<method name="&lt;init&gt;" signature="(Lorg/jaxen/ContextSupport;)V" line-rate="1.0" branch-rate="1.0">
							<lines>
								<line number="98" hits="28083" branch="false"/>
								<line number="99" hits="28083" branch="false"/>
								<line number="100" hits="28083" branch="false"/>
								<line number="101" hits="28083" branch="false"/>
								<line number="102" hits="28083" branch="false"/>
								<line number="103" hits="28083" branch="false"/>
							</lines>
						</method>
						<method name="duplicate" signature="()Lorg/jaxen/Context;" line-rate="1.0" branch-rate="1.0">
							<lines>
								<line number="271" hits="87" branch="false"/>
								<line number="273" hits="87" branch="false"/>
								<line number="275" hits="87" branch="true"/>
								<line number="277" hits="87" branch="false"/>
								<line number="278" hits="87" branch="false"/>
								<line number="279" hits="87" branch="false"/>
								<line number="280" hits="87" branch="false"/>
								<line number="283" hits="87" branch="false"/>
							</lines>
						</method>
						<method name="getContextSupport" signature="()Lorg/jaxen/ContextSupport;" line-rate="1.0" branch-rate="1.0">
							<lines>
								<line number="158" hits="68904" branch="false"/>
							</lines>
						</method>
						<method name="getFunction" signature="(Ljava/lang/String;Ljava/lang/String;Ljava/lang/String;)Lorg/jaxen/Function;" line-rate="1.0" branch-rate="1.0">
							<lines>
								<line number="216" hits="6372" branch="false"/>
							</lines>
						</method>
						<method name="getNavigator" signature="()Lorg/jaxen/Navigator;" line-rate="1.0" branch-rate="1.0">
							<lines>
								<line number="167" hits="26973" branch="false"/>
							</lines>
						</method>
						<method name="getNodeSet" signature="()Ljava/util/List;" line-rate="1.0" branch-rate="1.0">
							<lines>
								<line number="140" hits="32775" branch="false"/>
							</lines>
						</method>
						<method name="getPosition" signature="()I" line-rate="1.0" branch-rate="1.0">
							<lines>
								<line number="258" hits="372" branch="false"/>
							</lines>
						</method>
						<method name="getSize" signature="()I" line-rate="1.0" branch-rate="1.0">
							<lines>
								<line number="240" hits="48" branch="false"/>
							</lines>
						</method>
						<method name="getVariableValue" signature="(Ljava/lang/String;Ljava/lang/String;Ljava/lang/String;)Ljava/lang/Object;" line-rate="1.0" branch-rate="1.0">
							<lines>
								<line number="196" hits="42" branch="false"/>
							</lines>
						</method>
						<method name="setContextSupport" signature="(Lorg/jaxen/ContextSupport;)V" line-rate="0.0" branch-rate="1.0">
							<lines>
								<line number="149" hits="0" branch="false"/>
								<line number="150" hits="0" branch="false"/>
							</lines>
						</method>
						<method name="setNodeSet" signature="(Ljava/util/List;)V" line-rate="1.0" branch-rate="1.0">
							<lines>
								<line number="127" hits="43497" branch="false"/>
								<line number="128" hits="43497" branch="false"/>
								<line number="129" hits="43497" branch="true"/>
								<line number="130" hits="43497" branch="false"/>
							</lines>
						</method>
						<method name="setPosition" signature="(I)V" line-rate="1.0" branch-rate="1.0">
							<lines>
								<line number="249" hits="11919" branch="false"/>
								<line number="250" hits="11919" branch="false"/>
							</lines>
						</method>
						<method name="setSize" signature="(I)V" line-rate="1.0" branch-rate="1.0">
							<lines>
								<line number="231" hits="11829" branch="false"/>
								<line number="232" hits="11829" branch="false"/>
							</lines>
						</method>
						<method name="translateNamespacePrefixToUri" signature="(Ljava/lang/String;)Ljava/lang/String;" line-rate="1.0" branch-rate="1.0">
							<lines>
								<line number="178" hits="6414" branch="false"/>
							</lines>
						</method>
					</methods>
					<lines>
						<line number="98" hits="28083" branch="false"/>
						<line number="99" hits="28083" branch="false"/>
						<line number="100" hits="28083" branch="false"/>
						<line number="101" hits="28083" branch="false"/>
						<line number="102" hits="28083" branch="false"/>
						<line number="103" hits="28083" branch="false"/>
						<line number="127" hits="43497" branch="false"/>
						<line number="128" hits="43497" branch="false"/>
						<line number="129" hits="43497" branch="true"/>
						<line number="130" hits="43497" branch="false"/>
						<line number="140" hits="32775" branch="false"/>
						<line number="149" hits="0" branch="false"/>
						<line number="150" hits="0" branch="false"/>
						<line number="158" hits="68904" branch="false"/>
						<line number="167" hits="26973" branch="false"/>
						<line number="178" hits="6414" branch="false"/>
						<line number="196" hits="42" branch="false"/>
						<line number="216" hits="6372" branch="false"/>
						<line number="231" hits="11829" branch="false"/>
						<line number="232" hits="11829" branch="false"/>
						<line number="240" hits="48" branch="false"/>
						<line number="249" hits="11919" branch="false"/>
						<line number="250" hits="11919" branch="false"/>
						<line number="258" hits="372" branch="false"/>
						<line number="271" hits="87" branch="false"/>
						<line number="273" hits="87" branch="false"/>
						<line number="275" hits="87" branch="true"/>
						<line number="277" hits="87" branch="false"/>
						<line number="278" hits="87" branch="false"/>
						<line number="279" hits="87" branch="false"/>
						<line number="280" hits="87" branch="false"/>
						<line number="283" hits="87" branch="false"/>
					</lines>
				</class>
				<class name="org.jaxen.ContextSupport" filename="org/jaxen/ContextSupport.java" line-rate="0.90625" branch-rate="1.0" complexity="1.8333333333333333">
					<methods>
						<method name="&lt;init&gt;" signature="()V" line-rate="1.0" branch-rate="1.0">
							<lines>
								<line number="82" hits="15" branch="false"/>
								<line number="84" hits="15" branch="false"/>
							</lines>
						</method>
						<method name="&lt;init&gt;" signature="(Lorg/jaxen/NamespaceContext;Lorg/jaxen/FunctionContext;Lorg/jaxen/VariableContext;Lorg/jaxen/Navigator;)V" line-rate="1.0" branch-rate="1.0">
							<lines>
								<line number="97" hits="2577" branch="false"/>
								<line number="98" hits="2577" branch="false"/>
								<line number="99" hits="2577" branch="false"/>
								<line number="100" hits="2577" branch="false"/>
								<line number="102" hits="2577" branch="false"/>
								<line number="103" hits="2577" branch="false"/>
							</lines>
						</method>
						<method name="getFunction" signature="(Ljava/lang/String;Ljava/lang/String;Ljava/lang/String;)Lorg/jaxen/Function;" line-rate="0.75" branch-rate="1.0">
							<lines>
								<line number="238" hits="6372" branch="false"/>
								<line number="240" hits="6372" branch="true"/>
								<line number="242" hits="6372" branch="false"/>
								<line number="246" hits="0" branch="false"/>
							</lines>
						</method>
						<method name="getFunctionContext" signature="()Lorg/jaxen/FunctionContext;" line-rate="1.0" branch-rate="1.0">
							<lines>
								<line number="142" hits="6462" branch="false"/>
							</lines>
						</method>
						<method name="getNamespaceContext" signature="()Lorg/jaxen/NamespaceContext;" line-rate="1.0" branch-rate="1.0">
							<lines>
								<line number="124" hits="6828" branch="false"/>
							</lines>
						</method>
						<method name="getNavigator" signature="()Lorg/jaxen/Navigator;" line-rate="1.0" branch-rate="1.0">
							<lines>
								<line number="169" hits="1481384" branch="false"/>
							</lines>
						</method>
						<method name="getVariableContext" signature="()Lorg/jaxen/VariableContext;" line-rate="1.0" branch-rate="1.0">
							<lines>
								<line number="160" hits="129" branch="false"/>
							</lines>
						</method>
						<method name="getVariableValue" signature="(Ljava/lang/String;Ljava/lang/String;Ljava/lang/String;)Ljava/lang/Object;" line-rate="0.75" branch-rate="1.0">
							<lines>
								<line number="211" hits="42" branch="false"/>
								<line number="213" hits="42" branch="true"/>
								<line number="215" hits="42" branch="false"/>
								<line number="219" hits="0" branch="false"/>
							</lines>
						</method>
						<method name="setFunctionContext" signature="(Lorg/jaxen/FunctionContext;)V" line-rate="1.0" branch-rate="1.0">
							<lines>
								<line number="133" hits="2664" branch="false"/>
								<line number="134" hits="2664" branch="false"/>
							</lines>
						</method>
						<method name="setNamespaceContext" signature="(Lorg/jaxen/NamespaceContext;)V" line-rate="1.0" branch-rate="1.0">
							<lines>
								<line number="115" hits="2724" branch="false"/>
								<line number="116" hits="2724" branch="false"/>
							</lines>
						</method>
						<method name="setVariableContext" signature="(Lorg/jaxen/VariableContext;)V" line-rate="1.0" branch-rate="1.0">
							<lines>
								<line number="151" hits="2673" branch="false"/>
								<line number="152" hits="2673" branch="false"/>
							</lines>
						</method>
						<method name="translateNamespacePrefixToUri" signature="(Ljava/lang/String;)Ljava/lang/String;" line-rate="0.8333333333333334" branch-rate="1.0">
							<lines>
								<line number="183" hits="6738" branch="true"/>
								<line number="184" hits="9" branch="false"/>
								<line number="186" hits="6729" branch="false"/>
								<line number="188" hits="6729" branch="true"/>
								<line number="190" hits="6729" branch="false"/>
								<line number="193" hits="0" branch="false"/>
							</lines>
						</method>
					</methods>
					<lines>
						<line number="82" hits="15" branch="false"/>
						<line number="84" hits="15" branch="false"/>
						<line number="97" hits="2577" branch="false"/>
						<line number="98" hits="2577" branch="false"/>
						<line number="99" hits="2577" branch="false"/>
						<line number="100" hits="2577" branch="false"/>
						<line number="102" hits="2577" branch="false"/>
						<line number="103" hits="2577" branch="false"/>
						<line number="115" hits="2724" branch="false"/>
						<line number="116" hits="2724" branch="false"/>
						<line number="124" hits="6828" branch="false"/>
						<line number="133" hits="2664" branch="false"/>
						<line number="134" hits="2664" branch="false"/>
						<line number="142" hits="6462" branch="false"/>
						<line number="151" hits="2673" branch="false"/>
						<line number="152" hits="2673" branch="false"/>
						<line number="160" hits="129" branch="false"/>
						<line number="169" hits="1481384" branch="false"/>
						<line number="183" hits="6738" branch="true"/>
						<line number="184" hits="9" branch="false"/>
						<line number="186" hits="6729" branch="false"/>
						<line number="188" hits="6729" branch="true"/>
						<line number="190" hits="6729" branch="false"/>
						<line number="193" hits="0" branch="false"/>
						<line number="211" hits="42" branch="false"/>
						<line number="213" hits="42" branch="true"/>
						<line number="215" hits="42" branch="false"/>
						<line number="219" hits="0" branch="false"/>
						<line number="238" hits="6372" branch="false"/>
						<line number="240" hits="6372" branch="true"/>
						<line number="242" hits="6372" branch="false"/>
						<line number="246" hits="0" branch="false"/>
					</lines>
				</class>
				<class name="org.jaxen.DefaultNavigator" filename="org/jaxen/DefaultNavigator.java" line-rate="0.5641025641025641" branch-rate="1.0" complexity="1.9523809523809523">
					<methods>
						<method name="&lt;init&gt;" signature="()V" line-rate="1.0" branch-rate="1.0">
							<lines>
								<line number="84" hits="3761" branch="false"/>
							</lines>
						</method>
						<method name="getAncestorAxisIterator" signature="(Ljava/lang/Object;)Ljava/util/Iterator;" line-rate="1.0" branch-rate="1.0">
							<lines>
								<line number="120" hits="60" branch="false"/>
							</lines>
						</method>
						<method name="getAncestorOrSelfAxisIterator" signature="(Ljava/lang/Object;)Ljava/util/Iterator;" line-rate="1.0" branch-rate="1.0">
							<lines>
								<line number="192" hits="264" branch="false"/>
							</lines>
						</method>
						<method name="getAttributeAxisIterator" signature="(Ljava/lang/Object;)Ljava/util/Iterator;" line-rate="0.0" branch-rate="1.0">
							<lines>
								<line number="164" hits="0" branch="false"/>
							</lines>
						</method>
						<method name="getChildAxisIterator" signature="(Ljava/lang/Object;)Ljava/util/Iterator;" line-rate="0.0" branch-rate="1.0">
							<lines>
								<line number="95" hits="0" branch="false"/>
							</lines>
						</method>
						<method name="getDescendantAxisIterator" signature="(Ljava/lang/Object;)Ljava/util/Iterator;" line-rate="1.0" branch-rate="1.0">
							<lines>
								<line number="103" hits="249" branch="false"/>
							</lines>
						</method>
						<method name="getDescendantOrSelfAxisIterator" signature="(Ljava/lang/Object;)Ljava/util/Iterator;" line-rate="1.0" branch-rate="1.0">
							<lines>
								<line number="186" hits="648" branch="false"/>
							</lines>
						</method>
						<method name="getDocument" signature="(Ljava/lang/String;)Ljava/lang/Object;" line-rate="0.0" branch-rate="1.0">
							<lines>
								<line number="281" hits="0" branch="false"/>
							</lines>
						</method>
						<method name="getDocumentNode" signature="(Ljava/lang/Object;)Ljava/lang/Object;" line-rate="0.0" branch-rate="1.0">
							<lines>
								<line number="198" hits="0" branch="false"/>
							</lines>
						</method>
						<method name="getElementById" signature="(Ljava/lang/Object;Ljava/lang/String;)Ljava/lang/Object;" line-rate="0.0" branch-rate="1.0">
							<lines>
								<line number="296" hits="0" branch="false"/>
							</lines>
						</method>
						<method name="getFollowingAxisIterator" signature="(Ljava/lang/Object;)Ljava/util/Iterator;" line-rate="1.0" branch-rate="1.0">
							<lines>
								<line number="140" hits="72" branch="false"/>
							</lines>
						</method>
						<method name="getFollowingSiblingAxisIterator" signature="(Ljava/lang/Object;)Ljava/util/Iterator;" line-rate="1.0" branch-rate="1.0">
							<lines>
								<line number="127" hits="20610" branch="false"/>
							</lines>
						</method>
						<method name="getNamespaceAxisIterator" signature="(Ljava/lang/Object;)Ljava/util/Iterator;" line-rate="0.0" branch-rate="1.0">
							<lines>
								<line number="176" hits="0" branch="false"/>
							</lines>
						</method>
						<method name="getNodeType" signature="(Ljava/lang/Object;)S" line-rate="0.5333333333333333" branch-rate="1.0">
							<lines>
								<line number="218" hits="225" branch="true"/>
								<line number="220" hits="0" branch="false"/>
								<line number="222" hits="225" branch="true"/>
								<line number="224" hits="0" branch="false"/>
								<line number="226" hits="225" branch="true"/>
								<line number="228" hits="0" branch="false"/>
								<line number="230" hits="225" branch="true"/>
								<line number="232" hits="0" branch="false"/>
								<line number="234" hits="225" branch="true"/>
								<line number="236" hits="0" branch="false"/>
								<line number="238" hits="225" branch="true"/>
								<line number="240" hits="0" branch="false"/>
								<line number="242" hits="225" branch="true"/>
								<line number="244" hits="225" branch="false"/>
								<line number="247" hits="0" branch="false"/>
							</lines>
						</method>
						<method name="getParentAxisIterator" signature="(Ljava/lang/Object;)Ljava/util/Iterator;" line-rate="0.0" branch-rate="1.0">
							<lines>
								<line number="115" hits="0" branch="false"/>
							</lines>
						</method>
						<method name="getParentNode" signature="(Ljava/lang/Object;)Ljava/lang/Object;" line-rate="1.0" branch-rate="1.0">
							<lines>
								<line number="261" hits="75498" branch="false"/>
								<line number="262" hits="75498" branch="true"/>
								<line number="264" hits="60744" branch="false"/>
								<line number="266" hits="14754" branch="false"/>
							</lines>
						</method>
						<method name="getPrecedingAxisIterator" signature="(Ljava/lang/Object;)Ljava/util/Iterator;" line-rate="1.0" branch-rate="1.0">
							<lines>
								<line number="149" hits="231" branch="false"/>
							</lines>
						</method>
						<method name="getPrecedingSiblingAxisIterator" signature="(Ljava/lang/Object;)Ljava/util/Iterator;" line-rate="1.0" branch-rate="1.0">
							<lines>
								<line number="134" hits="99" branch="false"/>
							</lines>
						</method>
						<method name="getProcessingInstructionData" signature="(Ljava/lang/Object;)Ljava/lang/String;" line-rate="0.0" branch-rate="1.0">
							<lines>
								<line number="213" hits="0" branch="false"/>
							</lines>
						</method>
						<method name="getProcessingInstructionTarget" signature="(Ljava/lang/Object;)Ljava/lang/String;" line-rate="0.0" branch-rate="1.0">
							<lines>
								<line number="208" hits="0" branch="false"/>
							</lines>
						</method>
						<method name="getSelfAxisIterator" signature="(Ljava/lang/Object;)Ljava/util/Iterator;" line-rate="1.0" branch-rate="1.0">
							<lines>
								<line number="181" hits="336" branch="false"/>
							</lines>
						</method>
						<method name="translateNamespacePrefixToUri" signature="(Ljava/lang/String;Ljava/lang/Object;)Ljava/lang/String;" line-rate="0.0" branch-rate="1.0">
							<lines>
								<line number="203" hits="0" branch="false"/>
							</lines>
						</method>
					</methods>
					<lines>
						<line number="84" hits="3761" branch="false"/>
						<line number="95" hits="0" branch="false"/>
						<line number="103" hits="249" branch="false"/>
						<line number="115" hits="0" branch="false"/>
						<line number="120" hits="60" branch="false"/>
						<line number="127" hits="20610" branch="false"/>
						<line number="134" hits="99" branch="false"/>
						<line number="140" hits="72" branch="false"/>
						<line number="149" hits="231" branch="false"/>
						<line number="164" hits="0" branch="false"/>
						<line number="176" hits="0" branch="false"/>
						<line number="181" hits="336" branch="false"/>
						<line number="186" hits="648" branch="false"/>
						<line number="192" hits="264" branch="false"/>
						<line number="198" hits="0" branch="false"/>
						<line number="203" hits="0" branch="false"/>
						<line number="208" hits="0" branch="false"/>
						<line number="213" hits="0" branch="false"/>
						<line number="218" hits="225" branch="true"/>
						<line number="220" hits="0" branch="false"/>
						<line number="222" hits="225" branch="true"/>
						<line number="224" hits="0" branch="false"/>
						<line number="226" hits="225" branch="true"/>
						<line number="228" hits="0" branch="false"/>
						<line number="230" hits="225" branch="true"/>
						<line number="232" hits="0" branch="false"/>
						<line number="234" hits="225" branch="true"/>
						<line number="236" hits="0" branch="false"/>
						<line number="238" hits="225" branch="true"/>
						<line number="240" hits="0" branch="false"/>
						<line number="242" hits="225" branch="true"/>
						<line number="244" hits="225" branch="false"/>
						<line number="247" hits="0" branch="false"/>
						<line number="261" hits="75498" branch="false"/>
						<line number="262" hits="75498" branch="true"/>
						<line number="264" hits="60744" branch="false"/>
						<line number="266" hits="14754" branch="false"/>
						<line number="281" hits="0" branch="false"/>
						<line number="296" hits="0" branch="false"/>
					</lines>
				</class>
				<class name="org.jaxen.Function" filename="org/jaxen/Function.java" line-rate="1.0" branch-rate="1.0" complexity="1.0">
					<methods>
					</methods>
					<lines>
					</lines>
				</class>
				<class name="org.jaxen.FunctionCallException" filename="org/jaxen/FunctionCallException.java" line-rate="0.8571428571428571" branch-rate="1.0" complexity="1.0">
					<methods>
						<method name="&lt;init&gt;" signature="(Ljava/lang/String;)V" line-rate="1.0" branch-rate="1.0">
							<lines>
								<line number="74" hits="147" branch="false"/>
								<line number="75" hits="147" branch="false"/>
							</lines>
						</method>
						<method name="&lt;init&gt;" signature="(Ljava/lang/String;Ljava/lang/Exception;)V" line-rate="1.0" branch-rate="1.0">
							<lines>
								<line number="94" hits="3" branch="false"/>
								<line number="95" hits="3" branch="false"/>
							</lines>
						</method>
						<method name="&lt;init&gt;" signature="(Ljava/lang/Throwable;)V" line-rate="1.0" branch-rate="1.0">
							<lines>
								<line number="83" hits="3" branch="false"/>
								<line number="84" hits="3" branch="false"/>
							</lines>
						</method>
						<method name="getNestedException" signature="()Ljava/lang/Throwable;" line-rate="0.0" branch-rate="1.0">
							<lines>
								<line number="108" hits="0" branch="false"/>
							</lines>
						</method>
					</methods>
					<lines>
						<line number="74" hits="147" branch="false"/>
						<line number="75" hits="147" branch="false"/>
						<line number="83" hits="3" branch="false"/>
						<line number="84" hits="3" branch="false"/>
						<line number="94" hits="3" branch="false"/>
						<line number="95" hits="3" branch="false"/>
						<line number="108" hits="0" branch="false"/>
					</lines>
				</class>
				<class name="org.jaxen.FunctionContext" filename="org/jaxen/FunctionContext.java" line-rate="1.0" branch-rate="1.0" complexity="1.0">
					<methods>
					</methods>
					<lines>
					</lines>
				</class>
				<class name="org.jaxen.JaxenConstants" filename="org/jaxen/JaxenConstants.java" line-rate="0.6666666666666666" branch-rate="1.0" complexity="1.0">
					<methods>
						<method name="&lt;clinit&gt;" signature="()V" line-rate="1.0" branch-rate="1.0">
							<lines>
								<line number="68" hits="48" branch="false"/>
								<line number="74" hits="48" branch="false"/>
							</lines>
						</method>
						<method name="&lt;init&gt;" signature="()V" line-rate="0.0" branch-rate="1.0">
							<lines>
								<line number="62" hits="0" branch="false"/>
							</lines>
						</method>
					</methods>
					<lines>
						<line number="62" hits="0" branch="false"/>
						<line number="68" hits="48" branch="false"/>
						<line number="74" hits="48" branch="false"/>
					</lines>
				</class>
				<class name="org.jaxen.JaxenException" filename="org/jaxen/JaxenException.java" line-rate="0.9230769230769231" branch-rate="1.0" complexity="1.0">
					<methods>
						<method name="&lt;clinit&gt;" signature="()V" line-rate="0.8571428571428571" branch-rate="1.0">
							<lines>
								<line number="66" hits="132" branch="false"/>
								<line number="70" hits="132" branch="false"/>
								<line number="71" hits="132" branch="false"/>
								<line number="72" hits="132" branch="false"/>
								<line number="74" hits="0" branch="false"/>
								<line number="77" hits="132" branch="false"/>
								<line number="78" hits="132" branch="false"/>
							</lines>
						</method>
						<method name="&lt;init&gt;" signature="(Ljava/lang/String;)V" line-rate="1.0" branch-rate="1.0">
							<lines>
								<line number="87" hits="207" branch="false"/>
								<line number="88" hits="207" branch="false"/>
							</lines>
						</method>
						<method name="&lt;init&gt;" signature="(Ljava/lang/String;Ljava/lang/Throwable;)V" line-rate="1.0" branch-rate="1.0">
							<lines>
								<line number="108" hits="3" branch="false"/>
								<line number="109" hits="3" branch="false"/>
							</lines>
						</method>
						<method name="&lt;init&gt;" signature="(Ljava/lang/Throwable;)V" line-rate="1.0" branch-rate="1.0">
							<lines>
								<line number="97" hits="129" branch="false"/>
								<line number="98" hits="129" branch="false"/>
							</lines>
						</method>
					</methods>
					<lines>
						<line number="66" hits="132" branch="false"/>
						<line number="70" hits="132" branch="false"/>
						<line number="71" hits="132" branch="false"/>
						<line number="72" hits="132" branch="false"/>
						<line number="74" hits="0" branch="false"/>
						<line number="77" hits="132" branch="false"/>
						<line number="78" hits="132" branch="false"/>
						<line number="87" hits="207" branch="false"/>
						<line number="88" hits="207" branch="false"/>
						<line number="97" hits="129" branch="false"/>
						<line number="98" hits="129" branch="false"/>
						<line number="108" hits="3" branch="false"/>
						<line number="109" hits="3" branch="false"/>
					</lines>
				</class>
				<class name="org.jaxen.JaxenHandler" filename="org/jaxen/JaxenHandler.java" line-rate="0.9593023255813954" branch-rate="0.9333333333333333" complexity="1.2258064516129032">
					<methods>
						<method name="&lt;init&gt;" signature="()V" line-rate="1.0" branch-rate="1.0">
							<lines>
								<line number="95" hits="9205" branch="false"/>
								<line number="96" hits="9205" branch="false"/>
								<line number="97" hits="9205" branch="false"/>
								<line number="98" hits="9205" branch="false"/>
							</lines>
						</method>
						<method name="addParameters" signature="(Lorg/jaxen/expr/FunctionCallExpr;Ljava/util/Iterator;)V" line-rate="1.0" branch-rate="1.0">
							<lines>
								<line number="576" hits="8507" branch="true"/>
								<line number="578" hits="4541" branch="false"/>
								<line number="580" hits="3966" branch="false"/>
							</lines>
						</method>
						<method name="addPredicates" signature="(Lorg/jaxen/expr/Predicated;Ljava/util/Iterator;)V" line-rate="1.0" branch-rate="1.0">
							<lines>
								<line number="377" hits="30092" branch="true"/>
								<line number="379" hits="2023" branch="false"/>
								<line number="381" hits="28069" branch="false"/>
							</lines>
						</method>
						<method name="addSteps" signature="(Lorg/jaxen/expr/LocationPath;Ljava/util/Iterator;)V" line-rate="1.0" branch-rate="1.0">
							<lines>
								<line number="258" hits="22029" branch="true"/>
								<line number="260" hits="13794" branch="false"/>
								<line number="262" hits="8235" branch="false"/>
							</lines>
						</method>
						<method name="canPop" signature="()Z" line-rate="0.0" branch-rate="0.0">
							<lines>
								<line number="599" hits="0" branch="true"/>
							</lines>
						</method>
						<method name="endAbsoluteLocationPath" signature="()V" line-rate="1.0" branch-rate="1.0">
							<lines>
								<line number="230" hits="4690" branch="false"/>
								<line number="231" hits="4690" branch="false"/>
							</lines>
						</method>
						<method name="endAdditiveExpr" signature="(I)V" line-rate="1.0" branch-rate="1.0">
							<lines>
								<line number="470" hits="756" branch="true"/>
								<line number="473" hits="756" branch="false"/>
								<line number="474" hits="756" branch="false"/>
								<line number="476" hits="756" branch="false"/>
								<line number="480" hits="756" branch="false"/>
							</lines>
						</method>
						<method name="endAllNodeStep" signature="()V" line-rate="1.0" branch-rate="1.0">
							<lines>
								<line number="314" hits="1938" branch="false"/>
								<line number="315" hits="1938" branch="false"/>
							</lines>
						</method>
						<method name="endAndExpr" signature="(Z)V" line-rate="1.0" branch-rate="1.0">
							<lines>
								<line number="414" hits="18374" branch="true"/>
								<line number="417" hits="372" branch="false"/>
								<line number="418" hits="372" branch="false"/>
								<line number="420" hits="372" branch="false"/>
								<line number="423" hits="18374" branch="false"/>
							</lines>
						</method>
						<method name="endCommentNodeStep" signature="()V" line-rate="1.0" branch-rate="1.0">
							<lines>
								<line number="302" hits="135" branch="false"/>
								<line number="303" hits="135" branch="false"/>
							</lines>
						</method>
						<method name="endEqualityExpr" signature="(I)V" line-rate="1.0" branch-rate="1.0">
							<lines>
								<line number="432" hits="1901" branch="true"/>
								<line number="435" hits="1901" branch="false"/>
								<line number="436" hits="1901" branch="false"/>
								<line number="438" hits="1901" branch="false"/>
								<line number="442" hits="1901" branch="false"/>
							</lines>
						</method>
						<method name="endFilterExpr" signature="()V" line-rate="1.0" branch-rate="1.0">
							<lines>
								<line number="362" hits="14218" branch="false"/>
								<line number="364" hits="14218" branch="false"/>
								<line number="366" hits="14218" branch="false"/>
								<line number="368" hits="14218" branch="false"/>
								<line number="371" hits="14218" branch="false"/>
								<line number="372" hits="14218" branch="false"/>
							</lines>
						</method>
						<method name="endFunction" signature="()V" line-rate="1.0" branch-rate="1.0">
							<lines>
								<line number="565" hits="3966" branch="false"/>
								<line number="567" hits="3966" branch="false"/>
								<line number="570" hits="3966" branch="false"/>
								<line number="571" hits="3966" branch="false"/>
							</lines>
						</method>
						<method name="endLocationPath" signature="()V" line-rate="1.0" branch-rate="1.0">
							<lines>
								<line number="247" hits="8235" branch="false"/>
								<line number="249" hits="8235" branch="false"/>
								<line number="252" hits="8235" branch="false"/>
								<line number="253" hits="8235" branch="false"/>
							</lines>
						</method>
						<method name="endMultiplicativeExpr" signature="(I)V" line-rate="1.0" branch-rate="1.0">
							<lines>
								<line number="489" hits="567" branch="true"/>
								<line number="492" hits="567" branch="false"/>
								<line number="493" hits="567" branch="false"/>
								<line number="495" hits="567" branch="false"/>
								<line number="499" hits="567" branch="false"/>
							</lines>
						</method>
						<method name="endNameStep" signature="()V" line-rate="1.0" branch-rate="1.0">
							<lines>
								<line number="277" hits="11330" branch="false"/>
								<line number="278" hits="11330" branch="false"/>
							</lines>
						</method>
						<method name="endOrExpr" signature="(Z)V" line-rate="1.0" branch-rate="1.0">
							<lines>
								<line number="397" hits="18002" branch="true"/>
								<line number="399" hits="28" branch="false"/>
								<line number="400" hits="28" branch="false"/>
								<line number="402" hits="28" branch="false"/>
								<line number="405" hits="18002" branch="false"/>
							</lines>
						</method>
						<method name="endPathExpr" signature="()V" line-rate="1.0" branch-rate="1.0">
							<lines>
								<line number="195" hits="22288" branch="true"/>
								<line number="197" hits="159" branch="false"/>
								<line number="198" hits="159" branch="false"/>
								<line number="202" hits="22129" branch="false"/>
								<line number="204" hits="22129" branch="true"/>
								<line number="206" hits="8076" branch="false"/>
								<line number="207" hits="8076" branch="false"/>
								<line number="211" hits="14053" branch="false"/>
								<line number="212" hits="14053" branch="false"/>
								<line number="215" hits="22288" branch="false"/>
								<line number="217" hits="22288" branch="false"/>
								<line number="219" hits="22288" branch="false"/>
							</lines>
						</method>
						<method name="endPredicate" signature="()V" line-rate="1.0" branch-rate="1.0">
							<lines>
								<line number="348" hits="2023" branch="false"/>
								<line number="350" hits="2023" branch="false"/>
								<line number="352" hits="2023" branch="false"/>
								<line number="353" hits="2023" branch="false"/>
							</lines>
						</method>
						<method name="endProcessingInstructionNodeStep" signature="()V" line-rate="1.0" branch-rate="1.0">
							<lines>
								<line number="328" hits="214" branch="false"/>
								<line number="329" hits="214" branch="false"/>
							</lines>
						</method>
						<method name="endRelationalExpr" signature="(I)V" line-rate="1.0" branch-rate="1.0">
							<lines>
								<line number="451" hits="687" branch="true"/>
								<line number="454" hits="687" branch="false"/>
								<line number="455" hits="687" branch="false"/>
								<line number="457" hits="687" branch="false"/>
								<line number="461" hits="687" branch="false"/>
							</lines>
						</method>
						<method name="endRelativeLocationPath" signature="()V" line-rate="1.0" branch-rate="1.0">
							<lines>
								<line number="242" hits="3545" branch="false"/>
								<line number="243" hits="3545" branch="false"/>
							</lines>
						</method>
						<method name="endStep" signature="()V" line-rate="1.0" branch-rate="1.0">
							<lines>
								<line number="333" hits="13851" branch="false"/>
								<line number="335" hits="13851" branch="false"/>
								<line number="338" hits="13851" branch="false"/>
								<line number="339" hits="13851" branch="false"/>
							</lines>
						</method>
						<method name="endTextNodeStep" signature="()V" line-rate="1.0" branch-rate="1.0">
							<lines>
								<line number="290" hits="234" branch="false"/>
								<line number="291" hits="234" branch="false"/>
							</lines>
						</method>
						<method name="endUnaryExpr" signature="(I)V" line-rate="1.0" branch-rate="1.0">
							<lines>
								<line number="508" hits="204" branch="true"/>
								<line number="510" hits="204" branch="false"/>
								<line number="513" hits="204" branch="false"/>
							</lines>
						</method>
						<method name="endUnionExpr" signature="(Z)V" line-rate="1.0" branch-rate="1.0">
							<lines>
								<line number="522" hits="22288" branch="true"/>
								<line number="525" hits="60" branch="false"/>
								<line number="526" hits="60" branch="false"/>
								<line number="528" hits="60" branch="false"/>
								<line number="531" hits="22288" branch="false"/>
							</lines>
						</method>
						<method name="endXPath" signature="()V" line-rate="1.0" branch-rate="1.0">
							<lines>
								<line number="165" hits="9214" branch="false"/>
								<line number="166" hits="9214" branch="false"/>
								<line number="167" hits="9214" branch="false"/>
							</lines>
						</method>
						<method name="getXPathExpr" signature="()Lorg/jaxen/expr/XPathExpr;" line-rate="1.0" branch-rate="1.0">
							<lines>
								<line number="131" hits="9190" branch="false"/>
							</lines>
						</method>
						<method name="getXPathExpr" signature="(Z)Lorg/jaxen/expr/XPathExpr;" line-rate="1.0" branch-rate="1.0">
							<lines>
								<line number="148" hits="9301" branch="true"/>
								<line number="150" hits="9190" branch="false"/>
								<line number="151" hits="9190" branch="false"/>
								<line number="154" hits="9301" branch="false"/>
							</lines>
						</method>
						<method name="getXPathFactory" signature="()Lorg/jaxen/expr/XPathFactory;" line-rate="1.0" branch-rate="1.0">
							<lines>
								<line number="117" hits="86630" branch="false"/>
							</lines>
						</method>
						<method name="literal" signature="(Ljava/lang/String;)V" line-rate="1.0" branch-rate="1.0">
							<lines>
								<line number="545" hits="3306" branch="false"/>
								<line number="546" hits="3306" branch="false"/>
							</lines>
						</method>
						<method name="number" signature="(D)V" line-rate="1.0" branch-rate="1.0">
							<lines>
								<line number="540" hits="4729" branch="false"/>
								<line number="541" hits="4729" branch="false"/>
							</lines>
						</method>
						<method name="number" signature="(I)V" line-rate="0.0" branch-rate="1.0">
							<lines>
								<line number="535" hits="0" branch="false"/>
								<line number="536" hits="0" branch="false"/>
							</lines>
						</method>
						<method name="peekFrame" signature="()Ljava/util/LinkedList;" line-rate="1.0" branch-rate="1.0">
							<lines>
								<line number="614" hits="208656" branch="false"/>
							</lines>
						</method>
						<method name="pop" signature="()Ljava/lang/Object;" line-rate="1.0" branch-rate="1.0">
							<lines>
								<line number="594" hits="42630" branch="false"/>
							</lines>
						</method>
						<method name="popFrame" signature="()Ljava/util/LinkedList;" line-rate="1.0" branch-rate="1.0">
							<lines>
								<line number="609" hits="73795" branch="false"/>
							</lines>
						</method>
						<method name="push" signature="(Ljava/lang/Object;)V" line-rate="1.0" branch-rate="1.0">
							<lines>
								<line number="589" hits="103468" branch="false"/>
								<line number="590" hits="103468" branch="false"/>
							</lines>
						</method>
						<method name="pushFrame" signature="()V" line-rate="1.0" branch-rate="1.0">
							<lines>
								<line number="604" hits="74185" branch="false"/>
								<line number="605" hits="74185" branch="false"/>
							</lines>
						</method>
						<method name="returnExpr" signature="()V" line-rate="0.0" branch-rate="1.0">
							<lines>
								<line number="385" hits="0" branch="false"/>
								<line number="386" hits="0" branch="false"/>
								<line number="387" hits="0" branch="false"/>
								<line number="388" hits="0" branch="false"/>
							</lines>
						</method>
						<method name="setXPathFactory" signature="(Lorg/jaxen/expr/XPathFactory;)V" line-rate="1.0" branch-rate="1.0">
							<lines>
								<line number="107" hits="75" branch="false"/>
								<line number="108" hits="75" branch="false"/>
							</lines>
						</method>
						<method name="stackSize" signature="()I" line-rate="1.0" branch-rate="1.0">
							<lines>
								<line number="584" hits="22288" branch="false"/>
							</lines>
						</method>
						<method name="startAbsoluteLocationPath" signature="()V" line-rate="1.0" branch-rate="1.0">
							<lines>
								<line number="223" hits="4756" branch="false"/>
								<line number="225" hits="4756" branch="false"/>
								<line number="226" hits="4756" branch="false"/>
							</lines>
						</method>
						<method name="startAdditiveExpr" signature="()V" line-rate="1.0" branch-rate="1.0">
							<lines>
								<line number="465" hits="759" branch="false"/>
							</lines>
						</method>
						<method name="startAllNodeStep" signature="(I)V" line-rate="1.0" branch-rate="1.0">
							<lines>
								<line number="307" hits="1938" branch="false"/>
								<line number="309" hits="1938" branch="false"/>
								<line number="310" hits="1938" branch="false"/>
							</lines>
						</method>
						<method name="startAndExpr" signature="()V" line-rate="1.0" branch-rate="1.0">
							<lines>
								<line number="409" hits="18497" branch="false"/>
							</lines>
						</method>
						<method name="startCommentNodeStep" signature="(I)V" line-rate="1.0" branch-rate="1.0">
							<lines>
								<line number="295" hits="135" branch="false"/>
								<line number="297" hits="135" branch="false"/>
								<line number="298" hits="135" branch="false"/>
							</lines>
						</method>
						<method name="startEqualityExpr" signature="()V" line-rate="1.0" branch-rate="1.0">
							<lines>
								<line number="427" hits="1901" branch="false"/>
							</lines>
						</method>
						<method name="startFilterExpr" signature="()V" line-rate="1.0" branch-rate="1.0">
							<lines>
								<line number="357" hits="14242" branch="false"/>
								<line number="358" hits="14242" branch="false"/>
							</lines>
						</method>
						<method name="startFunction" signature="(Ljava/lang/String;Ljava/lang/String;)V" line-rate="1.0" branch-rate="1.0">
							<lines>
								<line number="558" hits="3978" branch="false"/>
								<line number="559" hits="3978" branch="false"/>
								<line number="561" hits="3978" branch="false"/>
							</lines>
						</method>
						<method name="startMultiplicativeExpr" signature="()V" line-rate="1.0" branch-rate="1.0">
							<lines>
								<line number="484" hits="567" branch="false"/>
							</lines>
						</method>
						<method name="startNameStep" signature="(ILjava/lang/String;Ljava/lang/String;)V" line-rate="1.0" branch-rate="1.0">
							<lines>
								<line number="268" hits="11354" branch="false"/>
								<line number="270" hits="11354" branch="false"/>
								<line number="273" hits="11354" branch="false"/>
							</lines>
						</method>
						<method name="startOrExpr" signature="()V" line-rate="1.0" branch-rate="1.0">
							<lines>
								<line number="392" hits="18125" branch="false"/>
							</lines>
						</method>
						<method name="startPathExpr" signature="()V" line-rate="1.0" branch-rate="1.0">
							<lines>
								<line number="171" hits="22411" branch="false"/>
								<line number="172" hits="22411" branch="false"/>
							</lines>
						</method>
						<method name="startPredicate" signature="()V" line-rate="1.0" branch-rate="1.0">
							<lines>
								<line number="343" hits="2047" branch="false"/>
								<line number="344" hits="2047" branch="false"/>
							</lines>
						</method>
						<method name="startProcessingInstructionNodeStep" signature="(ILjava/lang/String;)V" line-rate="1.0" branch-rate="1.0">
							<lines>
								<line number="320" hits="214" branch="false"/>
								<line number="322" hits="214" branch="false"/>
								<line number="324" hits="214" branch="false"/>
							</lines>
						</method>
						<method name="startRelationalExpr" signature="()V" line-rate="1.0" branch-rate="1.0">
							<lines>
								<line number="446" hits="687" branch="false"/>
							</lines>
						</method>
						<method name="startRelativeLocationPath" signature="()V" line-rate="1.0" branch-rate="1.0">
							<lines>
								<line number="235" hits="3551" branch="false"/>
								<line number="237" hits="3551" branch="false"/>
								<line number="238" hits="3551" branch="false"/>
							</lines>
						</method>
						<method name="startTextNodeStep" signature="(I)V" line-rate="1.0" branch-rate="1.0">
							<lines>
								<line number="283" hits="234" branch="false"/>
								<line number="285" hits="234" branch="false"/>
								<line number="286" hits="234" branch="false"/>
							</lines>
						</method>
						<method name="startUnaryExpr" signature="()V" line-rate="1.0" branch-rate="1.0">
							<lines>
								<line number="503" hits="204" branch="false"/>
							</lines>
						</method>
						<method name="startUnionExpr" signature="()V" line-rate="1.0" branch-rate="1.0">
							<lines>
								<line number="517" hits="22411" branch="false"/>
							</lines>
						</method>
						<method name="startXPath" signature="()V" line-rate="1.0" branch-rate="1.0">
							<lines>
								<line number="159" hits="9325" branch="false"/>
								<line number="160" hits="9325" branch="false"/>
								<line number="161" hits="9325" branch="false"/>
							</lines>
						</method>
						<method name="variableReference" signature="(Ljava/lang/String;Ljava/lang/String;)V" line-rate="1.0" branch-rate="1.0">
							<lines>
								<line number="551" hits="117" branch="false"/>
								<line number="553" hits="117" branch="false"/>
							</lines>
						</method>
					</methods>
					<lines>
						<line number="95" hits="9205" branch="false"/>
						<line number="96" hits="9205" branch="false"/>
						<line number="97" hits="9205" branch="false"/>
						<line number="98" hits="9205" branch="false"/>
						<line number="107" hits="75" branch="false"/>
						<line number="108" hits="75" branch="false"/>
						<line number="117" hits="86630" branch="false"/>
						<line number="131" hits="9190" branch="false"/>
						<line number="148" hits="9301" branch="true"/>
						<line number="150" hits="9190" branch="false"/>
						<line number="151" hits="9190" branch="false"/>
						<line number="154" hits="9301" branch="false"/>
						<line number="159" hits="9325" branch="false"/>
						<line number="160" hits="9325" branch="false"/>
						<line number="161" hits="9325" branch="false"/>
						<line number="165" hits="9214" branch="false"/>
						<line number="166" hits="9214" branch="false"/>
						<line number="167" hits="9214" branch="false"/>
						<line number="171" hits="22411" branch="false"/>
						<line number="172" hits="22411" branch="false"/>
						<line number="195" hits="22288" branch="true"/>
						<line number="197" hits="159" branch="false"/>
						<line number="198" hits="159" branch="false"/>
						<line number="202" hits="22129" branch="false"/>
						<line number="204" hits="22129" branch="true"/>
						<line number="206" hits="8076" branch="false"/>
						<line number="207" hits="8076" branch="false"/>
						<line number="211" hits="14053" branch="false"/>
						<line number="212" hits="14053" branch="false"/>
						<line number="215" hits="22288" branch="false"/>
						<line number="217" hits="22288" branch="false"/>
						<line number="219" hits="22288" branch="false"/>
						<line number="223" hits="4756" branch="false"/>
						<line number="225" hits="4756" branch="false"/>
						<line number="226" hits="4756" branch="false"/>
						<line number="230" hits="4690" branch="false"/>
						<line number="231" hits="4690" branch="false"/>
						<line number="235" hits="3551" branch="false"/>
						<line number="237" hits="3551" branch="false"/>
						<line number="238" hits="3551" branch="false"/>
						<line number="242" hits="3545" branch="false"/>
						<line number="243" hits="3545" branch="false"/>
						<line number="247" hits="8235" branch="false"/>
						<line number="249" hits="8235" branch="false"/>
						<line number="252" hits="8235" branch="false"/>
						<line number="253" hits="8235" branch="false"/>
						<line number="258" hits="22029" branch="true"/>
						<line number="260" hits="13794" branch="false"/>
						<line number="262" hits="8235" branch="false"/>
						<line number="268" hits="11354" branch="false"/>
						<line number="270" hits="11354" branch="false"/>
						<line number="273" hits="11354" branch="false"/>
						<line number="277" hits="11330" branch="false"/>
						<line number="278" hits="11330" branch="false"/>
						<line number="283" hits="234" branch="false"/>
						<line number="285" hits="234" branch="false"/>
						<line number="286" hits="234" branch="false"/>
						<line number="290" hits="234" branch="false"/>
						<line number="291" hits="234" branch="false"/>
						<line number="295" hits="135" branch="false"/>
						<line number="297" hits="135" branch="false"/>
						<line number="298" hits="135" branch="false"/>
						<line number="302" hits="135" branch="false"/>
						<line number="303" hits="135" branch="false"/>
						<line number="307" hits="1938" branch="false"/>
						<line number="309" hits="1938" branch="false"/>
						<line number="310" hits="1938" branch="false"/>
						<line number="314" hits="1938" branch="false"/>
						<line number="315" hits="1938" branch="false"/>
						<line number="320" hits="214" branch="false"/>
						<line number="322" hits="214" branch="false"/>
						<line number="324" hits="214" branch="false"/>
						<line number="328" hits="214" branch="false"/>
						<line number="329" hits="214" branch="false"/>
						<line number="333" hits="13851" branch="false"/>
						<line number="335" hits="13851" branch="false"/>
						<line number="338" hits="13851" branch="false"/>
						<line number="339" hits="13851" branch="false"/>
						<line number="343" hits="2047" branch="false"/>
						<line number="344" hits="2047" branch="false"/>
						<line number="348" hits="2023" branch="false"/>
						<line number="350" hits="2023" branch="false"/>
						<line number="352" hits="2023" branch="false"/>
						<line number="353" hits="2023" branch="false"/>
						<line number="357" hits="14242" branch="false"/>
						<line number="358" hits="14242" branch="false"/>
						<line number="362" hits="14218" branch="false"/>
						<line number="364" hits="14218" branch="false"/>
						<line number="366" hits="14218" branch="false"/>
						<line number="368" hits="14218" branch="false"/>
						<line number="371" hits="14218" branch="false"/>
						<line number="372" hits="14218" branch="false"/>
						<line number="377" hits="30092" branch="true"/>
						<line number="379" hits="2023" branch="false"/>
						<line number="381" hits="28069" branch="false"/>
						<line number="385" hits="0" branch="false"/>
						<line number="386" hits="0" branch="false"/>
						<line number="387" hits="0" branch="false"/>
						<line number="388" hits="0" branch="false"/>
						<line number="392" hits="18125" branch="false"/>
						<line number="397" hits="18002" branch="true"/>
						<line number="399" hits="28" branch="false"/>
						<line number="400" hits="28" branch="false"/>
						<line number="402" hits="28" branch="false"/>
						<line number="405" hits="18002" branch="false"/>
						<line number="409" hits="18497" branch="false"/>
						<line number="414" hits="18374" branch="true"/>
						<line number="417" hits="372" branch="false"/>
						<line number="418" hits="372" branch="false"/>
						<line number="420" hits="372" branch="false"/>
						<line number="423" hits="18374" branch="false"/>
						<line number="427" hits="1901" branch="false"/>
						<line number="432" hits="1901" branch="true"/>
						<line number="435" hits="1901" branch="false"/>
						<line number="436" hits="1901" branch="false"/>
						<line number="438" hits="1901" branch="false"/>
						<line number="442" hits="1901" branch="false"/>
						<line number="446" hits="687" branch="false"/>
						<line number="451" hits="687" branch="true"/>
						<line number="454" hits="687" branch="false"/>
						<line number="455" hits="687" branch="false"/>
						<line number="457" hits="687" branch="false"/>
						<line number="461" hits="687" branch="false"/>
						<line number="465" hits="759" branch="false"/>
						<line number="470" hits="756" branch="true"/>
						<line number="473" hits="756" branch="false"/>
						<line number="474" hits="756" branch="false"/>
						<line number="476" hits="756" branch="false"/>
						<line number="480" hits="756" branch="false"/>
						<line number="484" hits="567" branch="false"/>
						<line number="489" hits="567" branch="true"/>
						<line number="492" hits="567" branch="false"/>
						<line number="493" hits="567" branch="false"/>
						<line number="495" hits="567" branch="false"/>
						<line number="499" hits="567" branch="false"/>
						<line number="503" hits="204" branch="false"/>
						<line number="508" hits="204" branch="true"/>
						<line number="510" hits="204" branch="false"/>
						<line number="513" hits="204" branch="false"/>
						<line number="517" hits="22411" branch="false"/>
						<line number="522" hits="22288" branch="true"/>
						<line number="525" hits="60" branch="false"/>
						<line number="526" hits="60" branch="false"/>
						<line number="528" hits="60" branch="false"/>
						<line number="531" hits="22288" branch="false"/>
						<line number="535" hits="0" branch="false"/>
						<line number="536" hits="0" branch="false"/>
						<line number="540" hits="4729" branch="false"/>
						<line number="541" hits="4729" branch="false"/>
						<line number="545" hits="3306" branch="false"/>
						<line number="546" hits="3306" branch="false"/>
						<line number="551" hits="117" branch="false"/>
						<line number="553" hits="117" branch="false"/>
						<line number="558" hits="3978" branch="false"/>
						<line number="559" hits="3978" branch="false"/>
						<line number="561" hits="3978" branch="false"/>
						<line number="565" hits="3966" branch="false"/>
						<line number="567" hits="3966" branch="false"/>
						<line number="570" hits="3966" branch="false"/>
						<line number="571" hits="3966" branch="false"/>
						<line number="576" hits="8507" branch="true"/>
						<line number="578" hits="4541" branch="false"/>
						<line number="580" hits="3966" branch="false"/>
						<line number="584" hits="22288" branch="false"/>
						<line number="589" hits="103468" branch="false"/>
						<line number="590" hits="103468" branch="false"/>
						<line number="594" hits="42630" branch="false"/>
						<line number="599" hits="0" branch="true"/>
						<line number="604" hits="74185" branch="false"/>
						<line number="605" hits="74185" branch="false"/>
						<line number="609" hits="73795" branch="false"/>
						<line number="614" hits="208656" branch="false"/>
					</lines>
				</class>
				<class name="org.jaxen.JaxenRuntimeException" filename="org/jaxen/JaxenRuntimeException.java" line-rate="0.6818181818181818" branch-rate="0.75" complexity="2.0">
					<methods>
						<method name="&lt;init&gt;" signature="(Ljava/lang/String;)V" line-rate="1.0" branch-rate="1.0">
							<lines>
								<line number="66" hits="9" branch="false"/>
								<line number="86" hits="3" branch="false"/>
								<line number="87" hits="3" branch="false"/>
							</lines>
						</method>
						<method name="&lt;init&gt;" signature="(Ljava/lang/Throwable;)V" line-rate="1.0" branch-rate="1.0">
							<lines>
								<line number="76" hits="6" branch="false"/>
								<line number="77" hits="6" branch="false"/>
								<line number="78" hits="6" branch="false"/>
							</lines>
						</method>
						<method name="getCause" signature="()Ljava/lang/Throwable;" line-rate="1.0" branch-rate="1.0">
							<lines>
								<line number="97" hits="6" branch="false"/>
							</lines>
						</method>
						<method name="initCause" signature="(Ljava/lang/Throwable;)Ljava/lang/Throwable;" line-rate="1.0" branch-rate="1.0">
							<lines>
								<line number="111" hits="6" branch="true"/>
								<line number="112" hits="6" branch="true"/>
								<line number="113" hits="6" branch="false"/>
								<line number="114" hits="6" branch="false"/>
								<line number="115" hits="6" branch="false"/>
							</lines>
						</method>
						<method name="printStackTrace" signature="(Ljava/io/PrintStream;)V" line-rate="0.0" branch-rate="0.0">
							<lines>
								<line number="125" hits="0" branch="false"/>
								<line number="126" hits="0" branch="true"/>
								<line number="127" hits="0" branch="false"/>
								<line number="128" hits="0" branch="false"/>
								<line number="130" hits="0" branch="false"/>
							</lines>
						</method>
						<method name="printStackTrace" signature="(Ljava/io/PrintWriter;)V" line-rate="0.6" branch-rate="1.0">
							<lines>
								<line number="139" hits="3" branch="false"/>
								<line number="140" hits="3" branch="true"/>
								<line number="141" hits="0" branch="false"/>
								<line number="142" hits="0" branch="false"/>
								<line number="144" hits="3" branch="false"/>
							</lines>
						</method>
					</methods>
					<lines>
						<line number="66" hits="9" branch="false"/>
						<line number="76" hits="6" branch="false"/>
						<line number="77" hits="6" branch="false"/>
						<line number="78" hits="6" branch="false"/>
						<line number="86" hits="3" branch="false"/>
						<line number="87" hits="3" branch="false"/>
						<line number="97" hits="6" branch="false"/>
						<line number="111" hits="6" branch="true"/>
						<line number="112" hits="6" branch="true"/>
						<line number="113" hits="6" branch="false"/>
						<line number="114" hits="6" branch="false"/>
						<line number="115" hits="6" branch="false"/>
						<line number="125" hits="0" branch="false"/>
						<line number="126" hits="0" branch="true"/>
						<line number="127" hits="0" branch="false"/>
						<line number="128" hits="0" branch="false"/>
						<line number="130" hits="0" branch="false"/>
						<line number="139" hits="3" branch="false"/>
						<line number="140" hits="3" branch="true"/>
						<line number="141" hits="0" branch="false"/>
						<line number="142" hits="0" branch="false"/>
						<line number="144" hits="3" branch="false"/>
					</lines>
				</class>
				<class name="org.jaxen.NamedAccessNavigator" filename="org/jaxen/NamedAccessNavigator.java" line-rate="1.0" branch-rate="1.0" complexity="1.0">
					<methods>
					</methods>
					<lines>
					</lines>
				</class>
				<class name="org.jaxen.NamespaceContext" filename="org/jaxen/NamespaceContext.java" line-rate="1.0" branch-rate="1.0" complexity="1.0">
					<methods>
					</methods>
					<lines>
					</lines>
				</class>
				<class name="org.jaxen.Navigator" filename="org/jaxen/Navigator.java" line-rate="1.0" branch-rate="1.0" complexity="1.0">
					<methods>
					</methods>
					<lines>
					</lines>
				</class>
				<class name="org.jaxen.QualifiedName" filename="org/jaxen/QualifiedName.java" line-rate="0.9" branch-rate="1.0" complexity="1.75">
					<methods>
						<method name="&lt;init&gt;" signature="(Ljava/lang/String;Ljava/lang/String;)V" line-rate="1.0" branch-rate="1.0">
							<lines>
								<line number="73" hits="11611" branch="false"/>
								<line number="74" hits="11611" branch="true"/>
								<line number="75" hits="11611" branch="false"/>
								<line number="76" hits="11611" branch="false"/>
								<line number="77" hits="11611" branch="false"/>
							</lines>
						</method>
						<method name="equals" signature="(Ljava/lang/Object;)Z" line-rate="1.0" branch-rate="1.0">
							<lines>
								<line number="90" hits="12840" branch="false"/>
								<line number="91" hits="12840" branch="true"/>
							</lines>
						</method>
						<method name="getClarkForm" signature="()Ljava/lang/String;" line-rate="0.5" branch-rate="1.0">
							<lines>
								<line number="99" hits="15" branch="true"/>
								<line number="100" hits="0" branch="false"/>
							</lines>
						</method>
						<method name="hashCode" signature="()I" line-rate="1.0" branch-rate="1.0">
							<lines>
								<line number="81" hits="18049" branch="false"/>
							</lines>
						</method>
					</methods>
					<lines>
						<line number="73" hits="11611" branch="false"/>
						<line number="74" hits="11611" branch="true"/>
						<line number="75" hits="11611" branch="false"/>
						<line number="76" hits="11611" branch="false"/>
						<line number="77" hits="11611" branch="false"/>
						<line number="81" hits="18049" branch="false"/>
						<line number="90" hits="12840" branch="false"/>
						<line number="91" hits="12840" branch="true"/>
						<line number="99" hits="15" branch="true"/>
						<line number="100" hits="0" branch="false"/>
					</lines>
				</class>
				<class name="org.jaxen.SimpleFunctionContext" filename="org/jaxen/SimpleFunctionContext.java" line-rate="1.0" branch-rate="1.0" complexity="2.0">
					<methods>
						<method name="&lt;init&gt;" signature="()V" line-rate="1.0" branch-rate="1.0">
							<lines>
								<line number="76" hits="161" branch="false"/>
								<line number="77" hits="161" branch="false"/>
								<line number="78" hits="161" branch="false"/>
							</lines>
						</method>
						<method name="getFunction" signature="(Ljava/lang/String;Ljava/lang/String;Ljava/lang/String;)Lorg/jaxen/Function;" line-rate="1.0" branch-rate="1.0">
							<lines>
								<line number="121" hits="6372" branch="false"/>
								<line number="123" hits="6372" branch="true"/>
								<line number="124" hits="6363" branch="false"/>
								<line number="127" hits="9" branch="false"/>
							</lines>
						</method>
[...]
							<lines>
								<line number="144" hits="0" branch="true"/>
							</lines>
						</method>
						<method name="getDocument" signature="(Ljava/lang/String;)Ljava/lang/Object;" line-rate="0.3333333333333333" branch-rate="1.0">
							<lines>
								<line number="197" hits="204" branch="false"/>
								<line number="198" hits="0" branch="false"/>
								<line number="199" hits="0" branch="false"/>
							</lines>
						</method>
						<method name="getDocumentNode" signature="(Ljava/lang/Object;)Ljava/lang/Object;" line-rate="0.6666666666666666" branch-rate="0.5">
							<lines>
								<line number="204" hits="786" branch="false"/>
								<line number="205" hits="786" branch="true"/>
								<line number="206" hits="786" branch="false"/>
								<line number="207" hits="0" branch="true"/>
								<line number="208" hits="0" branch="false"/>
								<line number="210" hits="786" branch="false"/>
							</lines>
						</method>
						<method name="getElementName" signature="(Ljava/lang/Object;)Ljava/lang/String;" line-rate="1.0" branch-rate="1.0">
							<lines>
								<line number="148" hits="120209" branch="true"/>
							</lines>
						</method>
						<method name="getElementNamespaceUri" signature="(Ljava/lang/Object;)Ljava/lang/String;" line-rate="1.0" branch-rate="1.0">
							<lines>
								<line number="152" hits="119516" branch="true"/>
							</lines>
						</method>
						<method name="getElementQName" signature="(Ljava/lang/Object;)Ljava/lang/String;" line-rate="1.0" branch-rate="1.0">
							<lines>
								<line number="156" hits="78" branch="true"/>
							</lines>
						</method>
						<method name="getElementStringValue" signature="(Ljava/lang/Object;)Ljava/lang/String;" line-rate="1.0" branch-rate="1.0">
							<lines>
								<line number="160" hits="387" branch="true"/>
							</lines>
						</method>
						<method name="getNamespaceAxisIterator" signature="(Ljava/lang/Object;)Ljava/util/Iterator;" line-rate="1.0" branch-rate="1.0">
							<lines>
								<line number="384" hits="375" branch="true"/>
								<line number="385" hits="219" branch="false"/>
								<line number="387" hits="156" branch="false"/>
								<line number="388" hits="156" branch="false"/>
								<line number="389" hits="156" branch="false"/>
								<line number="391" hits="567" branch="true"/>
								<line number="392" hits="411" branch="false"/>
								<line number="393" hits="411" branch="false"/>
								<line number="394" hits="411" branch="false"/>
								<line number="395" hits="411" branch="false"/>
								<line number="396" hits="411" branch="false"/>
								<line number="397" hits="1092" branch="true"/>
								<line number="398" hits="681" branch="false"/>
								<line number="399" hits="681" branch="false"/>
								<line number="400" hits="681" branch="false"/>
								<line number="402" hits="411" branch="false"/>
								<line number="403" hits="411" branch="false"/>
								<line number="404" hits="156" branch="false"/>
								<line number="406" hits="156" branch="false"/>
							</lines>
						</method>
						<method name="getNamespacePrefix" signature="(Ljava/lang/Object;)Ljava/lang/String;" line-rate="0.5714285714285714" branch-rate="1.0">
							<lines>
								<line number="166" hits="351" branch="true"/>
								<line number="167" hits="0" branch="false"/>
								<line number="168" hits="351" branch="true"/>
								<line number="169" hits="0" branch="false"/>
								<line number="170" hits="351" branch="true"/>
								<line number="171" hits="351" branch="false"/>
								<line number="173" hits="0" branch="false"/>
							</lines>
						</method>
						<method name="getNamespaceStringValue" signature="(Ljava/lang/Object;)Ljava/lang/String;" line-rate="0.0" branch-rate="0.0">
							<lines>
								<line number="177" hits="0" branch="true"/>
								<line number="178" hits="0" branch="false"/>
								<line number="179" hits="0" branch="true"/>
								<line number="180" hits="0" branch="false"/>
								<line number="181" hits="0" branch="true"/>
								<line number="182" hits="0" branch="false"/>
								<line number="184" hits="0" branch="false"/>
							</lines>
						</method>
						<method name="getParentAxisIterator" signature="(Ljava/lang/Object;)Ljava/util/Iterator;" line-rate="1.0" branch-rate="1.0">
							<lines>
								<line number="264" hits="42" branch="false"/>
								<line number="265" hits="42" branch="true"/>
								<line number="266" hits="36" branch="false"/>
								<line number="267" hits="6" branch="true"/>
								<line number="268" hits="6" branch="false"/>
								<line number="270" hits="42" branch="true"/>
							</lines>
						</method>
						<method name="getParentNode" signature="(Ljava/lang/Object;)Ljava/lang/Object;" line-rate="1.0" branch-rate="1.0">
							<lines>
								<line number="274" hits="72309" branch="true"/>
							</lines>
						</method>
						<method name="getPrecedingAxisIterator" signature="(Ljava/lang/Object;)Ljava/util/Iterator;" line-rate="1.0" branch-rate="1.0">
							<lines>
								<line number="280" hits="54" branch="false"/>
							</lines>
						</method>
						<method name="getPrecedingSiblingAxisIterator" signature="(Ljava/lang/Object;)Ljava/util/Iterator;" line-rate="1.0" branch-rate="1.0">
							<lines>
								<line number="284" hits="33" branch="false"/>
							</lines>
						</method>
						<method name="getProcessingInstructionData" signature="(Ljava/lang/Object;)Ljava/lang/String;" line-rate="1.0" branch-rate="1.0">
							<lines>
								<line number="290" hits="9" branch="true"/>
							</lines>
						</method>
						<method name="getProcessingInstructionTarget" signature="(Ljava/lang/Object;)Ljava/lang/String;" line-rate="1.0" branch-rate="1.0">
							<lines>
								<line number="294" hits="18" branch="true"/>
							</lines>
						</method>
						<method name="getTextStringValue" signature="(Ljava/lang/Object;)Ljava/lang/String;" line-rate="1.0" branch-rate="1.0">
							<lines>
								<line number="190" hits="36" branch="true"/>
							</lines>
						</method>
						<method name="isAttribute" signature="(Ljava/lang/Object;)Z" line-rate="1.0" branch-rate="1.0">
							<lines>
								<line number="96" hits="19743" branch="false"/>
							</lines>
						</method>
						<method name="isComment" signature="(Ljava/lang/Object;)Z" line-rate="1.0" branch-rate="1.0">
							<lines>
								<line number="100" hits="3369" branch="false"/>
							</lines>
						</method>
						<method name="isDocument" signature="(Ljava/lang/Object;)Z" line-rate="1.0" branch-rate="1.0">
							<lines>
								<line number="104" hits="3666" branch="false"/>
							</lines>
						</method>
						<method name="isElement" signature="(Ljava/lang/Object;)Z" line-rate="1.0" branch-rate="1.0">
							<lines>
								<line number="108" hits="956591" branch="false"/>
							</lines>
						</method>
						<method name="isNamespace" signature="(Ljava/lang/Object;)Z" line-rate="1.0" branch-rate="1.0">
							<lines>
								<line number="112" hits="13368" branch="false"/>
							</lines>
						</method>
						<method name="isProcessingInstruction" signature="(Ljava/lang/Object;)Z" line-rate="1.0" branch-rate="1.0">
							<lines>
								<line number="116" hits="3279" branch="false"/>
							</lines>
						</method>
						<method name="isText" signature="(Ljava/lang/Object;)Z" line-rate="1.0" branch-rate="1.0">
							<lines>
								<line number="120" hits="239447" branch="false"/>
							</lines>
						</method>
						<method name="parseXPath" signature="(Ljava/lang/String;)Lorg/jaxen/XPath;" line-rate="1.0" branch-rate="1.0">
							<lines>
								<line number="321" hits="21" branch="false"/>
							</lines>
						</method>
						<method name="translateNamespacePrefixToUri" signature="(Ljava/lang/String;Ljava/lang/Object;)Ljava/lang/String;" line-rate="0.0" branch-rate="0.0">
							<lines>
								<line number="300" hits="0" branch="false"/>
								<line number="301" hits="0" branch="true"/>
								<line number="302" hits="0" branch="false"/>
								<line number="303" hits="0" branch="true"/>
								<line number="305" hits="0" branch="true"/>
								<line number="306" hits="0" branch="false"/>
								<line number="308" hits="0" branch="true"/>
								<line number="310" hits="0" branch="false"/>
								<line number="312" hits="0" branch="true"/>
								<line number="313" hits="0" branch="false"/>
								<line number="315" hits="0" branch="false"/>
							</lines>
						</method>
					</methods>
					<lines>
						<line number="88" hits="879" branch="false"/>
						<line number="96" hits="19743" branch="false"/>
						<line number="100" hits="3369" branch="false"/>
						<line number="104" hits="3666" branch="false"/>
						<line number="108" hits="956591" branch="false"/>
						<line number="112" hits="13368" branch="false"/>
						<line number="116" hits="3279" branch="false"/>
						<line number="120" hits="239447" branch="false"/>
						<line number="126" hits="1365" branch="true"/>
						<line number="130" hits="1365" branch="true"/>
						<line number="134" hits="0" branch="true"/>
						<line number="138" hits="861" branch="true"/>
						<line number="144" hits="0" branch="true"/>
						<line number="148" hits="120209" branch="true"/>
						<line number="152" hits="119516" branch="true"/>
						<line number="156" hits="78" branch="true"/>
						<line number="160" hits="387" branch="true"/>
						<line number="166" hits="351" branch="true"/>
						<line number="167" hits="0" branch="false"/>
						<line number="168" hits="351" branch="true"/>
						<line number="169" hits="0" branch="false"/>
						<line number="170" hits="351" branch="true"/>
						<line number="171" hits="351" branch="false"/>
						<line number="173" hits="0" branch="false"/>
						<line number="177" hits="0" branch="true"/>
						<line number="178" hits="0" branch="false"/>
						<line number="179" hits="0" branch="true"/>
						<line number="180" hits="0" branch="false"/>
						<line number="181" hits="0" branch="true"/>
						<line number="182" hits="0" branch="false"/>
						<line number="184" hits="0" branch="false"/>
						<line number="190" hits="36" branch="true"/>
						<line number="197" hits="204" branch="false"/>
						<line number="198" hits="0" branch="false"/>
						<line number="199" hits="0" branch="false"/>
						<line number="204" hits="786" branch="false"/>
						<line number="205" hits="786" branch="true"/>
						<line number="206" hits="786" branch="false"/>
						<line number="207" hits="0" branch="true"/>
						<line number="208" hits="0" branch="false"/>
						<line number="210" hits="786" branch="false"/>
						<line number="240" hits="1935" branch="true"/>
						<line number="241" hits="1797" branch="false"/>
						<line number="247" hits="138" branch="false"/>
						<line number="251" hits="356751" branch="true"/>
						<line number="252" hits="125034" branch="false"/>
						<line number="258" hits="231717" branch="false"/>
						<line number="264" hits="42" branch="false"/>
						<line number="265" hits="42" branch="true"/>
						<line number="266" hits="36" branch="false"/>
						<line number="267" hits="6" branch="true"/>
						<line number="268" hits="6" branch="false"/>
						<line number="270" hits="42" branch="true"/>
						<line number="274" hits="72309" branch="true"/>
						<line number="280" hits="54" branch="false"/>
						<line number="284" hits="33" branch="false"/>
						<line number="290" hits="9" branch="true"/>
						<line number="294" hits="18" branch="true"/>
						<line number="300" hits="0" branch="false"/>
						<line number="301" hits="0" branch="true"/>
						<line number="302" hits="0" branch="false"/>
						<line number="303" hits="0" branch="true"/>
						<line number="305" hits="0" branch="true"/>
						<line number="306" hits="0" branch="false"/>
						<line number="308" hits="0" branch="true"/>
						<line number="310" hits="0" branch="false"/>
						<line number="312" hits="0" branch="true"/>
						<line number="313" hits="0" branch="false"/>
						<line number="315" hits="0" branch="false"/>
						<line number="321" hits="21" branch="false"/>
						<line number="331" hits="879" branch="false"/>
						<line number="375" hits="1248" branch="true"/>
						<line number="376" hits="426" branch="false"/>
						<line number="377" hits="426" branch="false"/>
						<line number="379" hits="822" branch="false"/>
						<line number="384" hits="375" branch="true"/>
						<line number="385" hits="219" branch="false"/>
						<line number="387" hits="156" branch="false"/>
						<line number="388" hits="156" branch="false"/>
						<line number="389" hits="156" branch="false"/>
						<line number="391" hits="567" branch="true"/>
						<line number="392" hits="411" branch="false"/>
						<line number="393" hits="411" branch="false"/>
						<line number="394" hits="411" branch="false"/>
						<line number="395" hits="411" branch="false"/>
						<line number="396" hits="411" branch="false"/>
						<line number="397" hits="1092" branch="true"/>
						<line number="398" hits="681" branch="false"/>
						<line number="399" hits="681" branch="false"/>
						<line number="400" hits="681" branch="false"/>
						<line number="402" hits="411" branch="false"/>
						<line number="403" hits="411" branch="false"/>
						<line number="404" hits="156" branch="false"/>
						<line number="406" hits="156" branch="false"/>
					</lines>
				</class>
				<class name="org.jaxen.xom.DocumentNavigator$1" filename="org/jaxen/xom/DocumentNavigator.java" line-rate="1.0" branch-rate="1.0" complexity="1.8">
					<methods>
						<method name="&lt;init&gt;" signature="(Lorg/jaxen/xom/DocumentNavigator;Ljava/lang/Object;II)V" line-rate="1.0" branch-rate="1.0">
							<lines>
								<line number="242" hits="1797" branch="false"/>
							</lines>
						</method>
						<method name="get" signature="(Ljava/lang/Object;I)Ljava/lang/Object;" line-rate="1.0" branch-rate="1.0">
							<lines>
								<line number="243" hits="1365" branch="false"/>
							</lines>
						</method>
					</methods>
					<lines>
						<line number="242" hits="1797" branch="false"/>
						<line number="243" hits="1365" branch="false"/>
					</lines>
				</class>
				<class name="org.jaxen.xom.DocumentNavigator$2" filename="org/jaxen/xom/DocumentNavigator.java" line-rate="1.0" branch-rate="1.0" complexity="1.8">
					<methods>
						<method name="&lt;init&gt;" signature="(Lorg/jaxen/xom/DocumentNavigator;Ljava/lang/Object;II)V" line-rate="1.0" branch-rate="1.0">
							<lines>
								<line number="253" hits="125034" branch="false"/>
							</lines>
						</method>
						<method name="get" signature="(Ljava/lang/Object;I)Ljava/lang/Object;" line-rate="1.0" branch-rate="1.0">
							<lines>
								<line number="254" hits="593182" branch="false"/>
							</lines>
						</method>
					</methods>
					<lines>
						<line number="253" hits="125034" branch="false"/>
						<line number="254" hits="593182" branch="false"/>
					</lines>
				</class>
				<class name="org.jaxen.xom.DocumentNavigator$IndexIterator" filename="org/jaxen/xom/DocumentNavigator.java" line-rate="0.9" branch-rate="1.0" complexity="1.8">
					<methods>
						<method name="&lt;init&gt;" signature="(Ljava/lang/Object;II)V" line-rate="1.0" branch-rate="1.0">
							<lines>
								<line number="216" hits="126831" branch="false"/>
								<line number="217" hits="126831" branch="false"/>
								<line number="218" hits="126831" branch="false"/>
								<line number="219" hits="126831" branch="false"/>
								<line number="220" hits="126831" branch="false"/>
								<line number="221" hits="126831" branch="false"/>
								<line number="222" hits="126831" branch="false"/>
							</lines>
						</method>
						<method name="hasNext" signature="()Z" line-rate="1.0" branch-rate="1.0">
							<lines>
								<line number="224" hits="1056937" branch="true"/>
							</lines>
						</method>
						<method name="next" signature="()Ljava/lang/Object;" line-rate="1.0" branch-rate="1.0">
							<lines>
								<line number="229" hits="594547" branch="false"/>
							</lines>
						</method>
						<method name="remove" signature="()V" line-rate="0.0" branch-rate="1.0">
							<lines>
								<line number="233" hits="0" branch="false"/>
							</lines>
						</method>
					</methods>
					<lines>
						<line number="216" hits="126831" branch="false"/>
						<line number="217" hits="126831" branch="false"/>
						<line number="218" hits="126831" branch="false"/>
						<line number="219" hits="126831" branch="false"/>
						<line number="220" hits="126831" branch="false"/>
						<line number="221" hits="126831" branch="false"/>
						<line number="222" hits="126831" branch="false"/>
						<line number="224" hits="1056937" branch="true"/>
						<line number="229" hits="594547" branch="false"/>
						<line number="233" hits="0" branch="false"/>
					</lines>
				</class>
				<class name="org.jaxen.xom.DocumentNavigator$XPathNamespace" filename="org/jaxen/xom/DocumentNavigator.java" line-rate="0.7777777777777778" branch-rate="1.0" complexity="1.8">
					<methods>
						<method name="&lt;init&gt;" signature="(Lnu/xom/Element;Ljava/lang/String;Ljava/lang/String;)V" line-rate="1.0" branch-rate="1.0">
							<lines>
								<line number="338" hits="426" branch="false"/>
								<line number="339" hits="426" branch="false"/>
								<line number="340" hits="426" branch="false"/>
								<line number="341" hits="426" branch="false"/>
								<line number="342" hits="426" branch="false"/>
							</lines>
						</method>
						<method name="getElement" signature="()Lnu/xom/Element;" line-rate="1.0" branch-rate="1.0">
							<lines>
								<line number="350" hits="6" branch="false"/>
							</lines>
						</method>
						<method name="getNamespacePrefix" signature="()Ljava/lang/String;" line-rate="1.0" branch-rate="1.0">
							<lines>
								<line number="360" hits="351" branch="false"/>
							</lines>
						</method>
						<method name="getNamespaceURI" signature="()Ljava/lang/String;" line-rate="0.0" branch-rate="1.0">
							<lines>
								<line number="355" hits="0" branch="false"/>
							</lines>
						</method>
						<method name="toString" signature="()Ljava/lang/String;" line-rate="0.0" branch-rate="1.0">
							<lines>
								<line number="365" hits="0" branch="false"/>
							</lines>
						</method>
					</methods>
					<lines>
						<line number="338" hits="426" branch="false"/>
						<line number="339" hits="426" branch="false"/>
						<line number="340" hits="426" branch="false"/>
						<line number="341" hits="426" branch="false"/>
						<line number="342" hits="426" branch="false"/>
						<line number="350" hits="6" branch="false"/>
						<line number="355" hits="0" branch="false"/>
						<line number="360" hits="351" branch="false"/>
						<line number="365" hits="0" branch="false"/>
					</lines>
				</class>
				<class name="org.jaxen.xom.XOMXPath" filename="org/jaxen/xom/XOMXPath.java" line-rate="1.0" branch-rate="1.0" complexity="1.0">
					<methods>
						<method name="&lt;init&gt;" signature="(Ljava/lang/String;)V" line-rate="1.0" branch-rate="1.0">
							<lines>
								<line number="88" hits="6" branch="false"/>
								<line number="89" hits="6" branch="false"/>
							</lines>
						</method>
					</methods>
					<lines>
						<line number="88" hits="6" branch="false"/>
						<line number="89" hits="6" branch="false"/>
					</lines>
				</class>
			</classes>
		</package>
		<package name="org.w3c.dom" line-rate="1.0" branch-rate="1.0" complexity="1.0">
			<classes>
				<class name="org.w3c.dom.UserDataHandler" filename="org/w3c/dom/UserDataHandler.java" line-rate="1.0" branch-rate="1.0" complexity="1.0">
					<methods>
					</methods>
					<lines>
					</lines>
				</class>
			</classes>
		</package>
	</packages>
</coverage>
